22.358333333333253
25.404376444444345
46.35984511111174
47.192832888889306
32.86988555555526
42.37465866666692
39.48485288888901
46.268373333333834
32.38234799999967
45.38387022222261
44.25555555555583
46.98888888888942
59.8752731111123
46.88832177777825
59.76641933333443
31.070304666666363
60.19134777777877
22.863888888888773
22.46944444444437
46.69364822222267
39.280555555555665
43.661111111111374
52.38611111111182
40.97500000000018
33.98055555555533
43.67500000000027
40.06666666666684
48.78055555555614
35.881241999999965
51.17593755555619
39.6681917777779
43.679015555555736
44.89005755555574
38.67500000000004
40.67777777777793
37.27777777777773
42.27500000000014
31.67499999999967
29.37222222222193
49.069444444444954
33.97133955555531
37.97429466666664
38.78120622222231
23.480555555555426
57.78017733333462
31.976069999999616
35.66666666666653
28.574999999999772
35.886111111111006
50.46241622222282
53.087575333333994
39.76749333333351
34.261311777777586
33.57932444444424
29.276231111110825
43.366666666667044
32.09279822222192
30.976646222221888
42.98055555555585
41.769444444444765
37.38611111111116
48.2502666666673
39.29973333333346
36.466150222222225
46.55953600000048
38.7969131111112
35.47107266666657
47.35910577777819
40.578164222222334
48.79296222222276
33.07858199999972
41.46388888888918
26.794444444444217
29.374999999999748
30.86944444444416
38.480555555555426
42.87500000000009
41.77777777777785
37.766666666666595
43.186111111111394
41.26944444444468
39.7839573333335
51.176246666667524
29.177777777777475
36.87200799999999
46.4613253333336
46.894444444444844
43.675000000000146
34.677777777777564
27.47222222222197
38.772222222222275
39.775000000000134
35.67760177777775
42.68628711111116
44.663888888889254
46.186785111111604
34.07490777777757
62.08552933333439
25.668280444444314
47.56772355555609
34.88621822222195
50.45555555555609
62.30000000000101
59.759230222223245
29.575321999999762
38.98617844444444
41.6775944444447
57.578713555556504
37.05921799999998
48.89615400000047
34.17499999999975
39.97222222222219
56.27264866666732
42.77777777777797
57.36111111111192
30.49444444444421
37.87777777777781
22.068133777777756
41.186950222222116
48.67875511111181
35.460133777777564
42.36944444444455
39.28556866666679
39.889431333333235
36.266666666666545
45.67188555555599
53.69331155555643
37.56813622222205
53.27777777777875
35.26666666666659
40.7745251111114
47.2824782222229
48.28466333333378
40.98611111111129
44.6750000000003
48.66944444444507
43.382458222222624
26.961986222221885
44.78055555555576
47.171611555556055
38.98696733333343
51.869939111111904
38.89166666666694
49.765254000000745
37.68474599999985
37.37777777777773
43.26307933333385
36.489698444444194
24.564796222222185
44.38520377777801
36.87222222222207
43.67740422222264
40.37639577777784
39.35753755555563
39.69444444444447
32.86666666666638
39.8690777777781
40.67814444444454
41.19137488888917
34.78084733333301
40.375000000000135
44.66944444444473
37.073192000000134
45.35458577777807
43.48382044444479
31.386456444444025
48.27222222222282
45.08611111111149
53.76944444444524
40.183333333333465
45.68055555555618
39.17777777777783
54.26841688888975
39.476027555555426
44.78654333333367
52.85654822222267
40.19444444444446
42.6722222222225
46.680555555556
45.377777777778206
42.87500000000019
29.566666666666386
54.47777777777868
38.46550377777794
58.288693333334464
41.969376000000324
50.96717200000058
57.77500000000106
55.99171644444565
45.76106133333383
45.18545644444504
34.470038444444285
26.990511333333117
42.07768000000031
46.36820577777848
49.28310800000069
52.463888888890025
41.67777777777801
40.06210488888929
39.69900622222223
45.77222222222278
34.3524780000001
39.69444444444471
42.980555555555775
52.755555555556285
32.583333333333
35.47307733333338
49.779700444445204
41.886111111111376
40.17777777777787
57.87777777777876
40.96944444444458
21.180555555555472
28.177777777777546
42.37085822222276
37.776363999999816
32.474999999999675
40.88611111111116
26.960826666666613
30.189173333332867
44.96075666666709
33.98924333333295
39.369999111111284
23.072801555555618
34.788309555555294
45.06183355555651
42.79691533333369
48.36960711111168
52.772222222223256
37.88888888888891
36.57294400000015
41.879833777777904
34.84896422222226
35.1999999999999
38.972222222222314
35.165582000000015
32.679381999999684
52.38559155555608
31.96944444444409
39.88055555555557
45.0722222222225
37.38611111111113
36.766666666666666
46.970187333333946
45.98597644444481
34.75751222222229
29.78970999999954
28.186111111110876
50.8638888888896
39.775940222222516
49.276837555555836
52.78888888888968
28.958333333333037
35.69444444444428
37.96872400000011
34.68405377777742
51.3777777777785
31.67499999999968
35.36666666666651
49.38888888888939
30.174999999999713
33.47222399999998
44.78055377777798
35.063722222222246
35.68741999999963
53.57222222222298
53.361111111111846
35.27711844444458
41.28032311111137
32.689780666666145
52.071922000000896
50.36418911111145
58.383333333334555
35.45736177777781
40.40000000000016
46.96944444444501
45.95555555555584
38.699999999999946
38.56866977777797
38.678552444444165
42.172596444444785
34.09129244444398
43.375000000000405
46.35000000000054
54.99377022222331
54.48194600000059
35.374999999999865
48.275000000000546
38.97222222222228
38.06944444444443
38.47222222222225
47.38611111111166
43.85867022222282
34.691329777777426
43.27667311111161
47.17054911111126
37.68055555555556
32.37222222222195
44.88224400000002
43.375000000000234
55.5711100000011
44.87333444444455
33.18055555555528
43.475547777778296
35.57161644444426
27.463946888888415
37.28008733333362
42.99213488888899
41.86155111111114
31.078786888888345
31.186111111110794
60.27777777777886
43.474393777778175
33.259941999999796
34.28604977777758
67.27921688889069
28.95621088888861
51.198502000000396
29.669662222222154
52.18589333333402
47.77125800000077
35.6686904444443
39.869743333333474
40.48682288888872
60.172222222223354
40.079543111111455
45.18712355555576
49.37777777777828
47.469444444444825
37.256194222222405
42.67636533333365
36.581480666666664
32.29242044444415
34.87687266666616
42.67777777777812
50.068640222223216
33.97858199999951
39.26832888888917
39.984448888888686
32.76986177777771
44.88669
41.17499999999999
33.8611111111108
45.777777777778255
32.280555555555246
29.2715011111111
54.98683222222303
34.37222222222192
40.6827695555559
56.26173400000075
31.57577911111078
35.78442288888851
38.4666666666667
56.394454000000614
42.37292622222263
41.37707377777767
37.963888888888995
40.68888888888899
34.952777777777555
29.99999999999973
22.469444444444335
32.07375577777777
35.36791088888847
32.7833333333331
46.361120888889566
33.48332355555495
39.194444444444485
35.76944444444428
36.27777777777768
37.87769711111132
38.575080666666366
39.37272911111081
48.28333333333393
29.983333333333047
35.56725022222232
39.26764888888901
57.68454533333414
42.2662911111116
53.77844155555637
27.783045111110585
33.279590444443876
24.983333333333135
42.675000000000274
54.461132000001086
54.28131088888953
45.68888888888931
34.26944444444434
37.38611111111109
36.26146355555581
37.788222222222224
39.86717400000011
47.367444222222964
42.79069599999991
34.27777777777756
33.48055555555528
41.17837800000034
50.27011088888943
31.783301999999686
40.26820911111095
48.46990177777864
46.19117777777812
54.380587111111524
45.471230222222886
40.35844577777755
57.378174444445776
51.388492222222496
35.772222222222105
40.3666666666667
38.89444444444443
32.069444444444066
29.180555555555344
59.5741300000016
47.56753666666699
32.98888888888862
43.36388888888911
30.39166666666633
40.35697644444484
43.275743555555614
38.19444444444448
63.85926600000155
48.968511777777955
41.58888888888905
42.978809333333835
41.48164000000032
41.872328444444435
42.375000000000405
45.283333333333886
39.17222222222234
42.68611111111147
38.07499999999994
50.56295777777878
27.974961555555005
64.26798955555714
43.494444444444696
35.680555555555344
40.86944444444462
33.886111111110914
43.26601355555618
28.66921288888864
40.692551333333235
32.26944444444421
57.57763911111244
42.86744777777792
41.18321644444456
48.78003000000011
24.264694222222413
40.196416888888535
34.56944444444426
30.072222222221917
50.1760775555566
40.185033555555464
44.86830977777871
47.38322533333381
43.882447999999975
38.37508199999968
53.26666666666744
51.4750000000005
35.483490222221654
34.67777777777764
38.27222222222217
46.680555555555955
37.49166666666663
34.92542822222206
43.77838666666659
54.18030955555679
54.18357933333389
43.465608000000564
35.58725599999947
38.16388888888893
22.682447777778027
32.675885555554885
39.077777777777825
36.2805555555554
38.46388888888879
37.38611111111101
36.16944444444427
39.88055555555568
46.76666666666708
47.27222222222275
50.18055555555622
46.87586511111179
30.56449422222194
45.4969839999999
36.97499999999993
37.174368666666965
42.270075777777485
48.0716393333342
42.89224955555536
38.46937800000036
34.07193088888831
27.277777777777565
33.27777777777751
35.88611111111094
44.77486733333411
46.8751326666667
38.174999999999976
39.7666666666667
44.18888888888917
28.56111111111085
34.89166666666644
46.97040288888966
51.87654088888979
29.177052444443806
46.358333333333746
29.386111111110875
38.888888888889056
43.47222222222249
34.172222222222004
26.87222222222204
64.97222222222365
35.680555555555394
43.476051333333864
44.580001111111486
31.485614222221464
53.86666666666761
47.188888888889224
40.86283066666742
49.56843422222275
51.1942140000005
28.380451777777157
44.26666666666696
42.18611111111122
37.177777777777806
44.67406244444508
42.680721333333324
27.87577177777712
37.46977244444401
43.88055555555597
45.755555555556064
33.394444444444225
50.85000000000051
61.98486244444608
43.991905999999844
38.17777777777786
31.86666666666637
32.87499999999981
40.974517555555764
27.981181333333037
27.08178622222205
46.6832208888894
58.75217377777824
38.698942666666575
52.874600000000484
41.396264000000315
62.5340586666669
76.30200333333352
47.5081073333334
77.90936533333371
60.90091600000015
40.91080200000006
42.58845666666687
35.30411799999998
48.89785000000014
55.275772000000515
43.62976000000017
36.60179600000001
48.78563466666676
44.79766933333345
66.9557533333338
56.89949333333387
41.33393666666676
61.10113600000025
45.208613333333496
71.11141733333363
41.301400000000115
52.270564000000476
54.33360800000022
63.861308666667306
39.701382000000294
61.2396313333336
53.999774666666845
38.00369200000027
40.655530000000304
28.394500000000136
45.5455253333335
44.706505333333446
52.96524400000048
71.74560933333352
53.547597333333826
60.1388733333336
47.00188000000016
51.398944000000185
54.21018533333354
37.602092000000106
48.56032066666709
45.24929066666684
58.296644000000235
44.26115266666703
46.932274000000184
55.61269666666718
37.68949133333344
46.36096666666705
52.99963600000048
56.75257600000054
69.69566000000022
54.41106866666696
51.80090400000021
64.38673866666728
61.726492000000604
51.20138200000045
52.03181200000024
38.90254400000019
54.991638666666844
61.4300840000006
48.27292600000008
48.91042733333334
35.529117333333566
49.38930800000004
44.42519133333369
44.39178600000036
33.77734866666658
46.32423600000038
44.79734800000037
31.98665999999989
61.19538400000019
52.62259600000047
44.900800000000366
30.09887800000016
54.88061000000008
52.20127600000007
49.01254800000043
30.19725800000016
49.78318200000009
49.93352533333377
38.976491999999965
48.30789800000004
49.69339466666673
57.42602800000055
71.46793466666693
44.16338400000034
43.82843200000001
67.41119333333357
40.20717933333329
57.38462133333387
37.32644999999993
41.27703133333365
43.326002666666646
60.90104200000016
39.78239533333362
49.399774000000434
46.72041066666673
48.39915000000008
38.91551533333346
58.20263333333351
37.501179999999934
61.506706000000335
38.097286000000096
61.76941800000061
52.20320000000047
44.39499600000036
43.72451266666676
45.79833400000019
61.79530266666694
49.8596326666671
49.24037733333348
55.11185400000022
41.098479333333486
43.771834000000354
57.930156000000245
42.399549333333454
46.30160400000017
59.89313466666688
46.05980666666705
51.006158000000454
29.036897333333382
51.111155333333514
36.49015866666676
51.37570000000046
36.849952666666766
41.36827133333365
38.60286066666694
42.80418200000034
44.29645000000036
50.33252800000019
46.19142266666681
53.39304866666682
57.86197266666722
32.439421333333414
65.21487933333356
53.69497466666683
48.15445466666708
40.430840000000124
48.497240666666826
65.2017100000003
53.17018800000048
56.40298400000053
42.239089333333474
63.99306866666698
56.400954000000226
70.20229466666684
67.00095733333349
50.39861666666687
47.05642466666706
55.33108200000026
45.29337066666679
49.704378666667104
49.30554666666679
62.150134000000264
57.52859066666688
37.49108800000005
46.3847260000001
46.81247866666706
39.60069200000005
38.82336400000028
42.86563200000011
49.519598000000144
54.61952866666683
51.867066000000165
47.14775000000014
29.79456733333338
41.58158933333346
44.878266000000124
38.30776599999984
38.178874000000086
49.273654000000434
51.89476933333352
50.821072000000456
63.470993333333595
51.75938400000018
42.140978000000096
32.23153733333337
54.067342000000124
45.16114800000015
44.96146200000013
50.33553200000013
44.31080066666703
42.12635866666679
54.40108600000019
76.87892733333356
47.20466333333347
54.803366000000196
29.195828666666813
61.349346000000274
64.30482733333359
47.57028400000017
61.40639000000025
62.39221000000022
38.887452666666746
62.1946040000003
40.59753133333346
60.35673666666696
36.67425600000007
43.737844000000074
52.859714666666875
43.328492000000146
48.755382000000175
56.58548866666691
42.615518666666745
45.38238266666685
49.017748000000424
67.14778600000015
56.524336000000275
62.5944240000003
49.81310933333351
42.73617400000012
71.30660600000019
64.50955200000027
46.395666000000155
57.83959000000025
27.940354000000013
56.22543000000021
56.61645400000025
39.726538000000055
48.36006800000042
37.12062866666676
64.71000200000032
48.6343906666668
54.994625333333595
48.71581000000016
54.297356666666914
41.45615999999967
38.62511600000028
46.932069999999676
52.43078200000048
53.774186000000135
51.76134333333349
47.41241666666677
48.8060846666668
64.0098880000003
38.529661333333365
41.33643133333345
39.370402666666735
34.04796866666667
51.55004400000016
46.39725133333344
50.66695933333345
54.90584933333351
43.148610000000055
52.16867400000019
53.063346666666824
63.470947333333605
45.668072666666795
46.202654000000074
46.37618600000006
59.03933000000018
48.518581333333465
55.79423400000018
63.89278666666693
52.09059866666679
57.964618000000236
50.3862053333335
42.14267600000008
52.835648000000205
47.188273333333484
51.24688533333344
53.372132000000185
40.8256926666668
50.180930666666846
46.03942733333351
38.497620666666755
61.782108666666915
39.99944600000013
37.8437153333334
51.54956666666684
55.75209733333288
50.18415800000021
40.84069266666678
42.76830866666681
57.11876933333358
57.39819933333388
43.72968200000016
44.24679800000036
73.4920160000001
35.51844400000005
47.68964333333344
47.29674133333348
47.83264200000041
63.07867866666694
57.35645266666688
36.95404733333339
58.442246000000196
50.248964666666815
48.59518266666686
79.35477599999977
56.04257200000026
40.535846000000106
51.849116666667136
43.366920000000114
31.512517333333363
40.92080866666678
33.34144600000005
50.44297066666686
42.489090000000104
35.69317400000006
69.36667800000082
43.130395999999465
47.810975333333474
64.52912800000031
50.62991800000022
47.898284666666804
45.67649000000038
38.985520000000086
50.73800800000045
44.95758000000015
44.95286866666681
49.83244000000018
37.44272199999944
45.847536666666805
41.32061600000007
48.92057400000012
46.17810533333347
49.8175280000002
66.76503266666691
35.13007600000002
50.71795200000045
69.34987466666692
42.52805466666679
41.77260400000011
51.621090666666845
25.06612800000009
69.79013800000033
50.02771400000019
50.27327400000014
61.99477400000061
40.29216133333343
45.793289333333426
50.76240800000014
34.96537066666667
54.79861800000017
48.12720733333341
60.35826200000021
43.6626106666664
56.21187133333352
53.265894000000166
47.39506400000011
50.0153293333335
44.68061000000007
57.42370600000015
31.31454333333333
56.661351333333876
68.73896800000024
43.8917453333334
38.70797133333338
89.52454466666688
55.87757200000053
52.68399600000019
50.39848666666711
75.73473200000012
42.97666533333342
41.7311840000001
62.4756940000002
49.326936000000174
45.23957133333371
51.430627333333504
44.28381066666684
43.818022000000134
42.02104666666676
44.159965333333446
61.26544266666697
62.20221133333365
46.38088933333349
39.61920666666679
41.824272666666786
40.947451333333426
39.745225333333444
44.87448400000012
50.341038000000445
51.11567000000023
62.20403200000027
42.886729333333406
34.24956800000008
34.2686386666667
41.15325800000013
41.74625733333344
53.794502000000186
46.80165200000016
55.09507800000018
43.04674400000014
59.75889666666725
48.45231600000015
45.422482666666795
58.33371866666693
38.60231600000011
39.504614000000075
42.536756666666776
59.90262400000025
62.90851933333361
54.722104000000265
51.994200000000205
54.476538000000204
52.772968000000226
43.37452733333347
52.07997600000014
34.85578800000008
52.98376933333354
66.15102133333362
66.94246466666688
69.03097199999927
58.9257906666669
45.646782000000115
45.12987400000037
44.35239200000015
67.46988933333361
39.04569200000029
47.77599133333351
44.33792600000036
53.09251800000015
44.15389999999916
51.13512866666683
55.296884000000226
55.40353266666687
43.176148000000346
55.40758266666681
61.35793800000018
51.31825800000107
56.723282666666876
63.298802000000244
42.22871600000008
57.3927160000002
50.77227866666679
51.05237800000018
77.41118800000021
56.647343333333545
51.7440133333335
62.6931366666669
37.89204400000005
44.38361800000008
44.47214200000037
60.407648000000194
47.723003333333466
57.94606400000019
33.917676666666715
47.822792000000085
55.301719333333516
50.17958800000015
50.25001066666711
35.10328800000005
30.418789333333358
56.750154000000194
53.39018400000013
65.12099533333362
39.726852666666964
58.27395066666687
48.42382600000018
44.691104000000145
58.916600000000194
44.44297066666676
53.98494400000019
35.912374666666736
37.32377400000026
51.1563720000002
43.33874266666679
55.6228060000002
55.31319000000024
42.93127333333345
46.721105333333476
51.62166400000019
42.63524733333348
34.237600666666715
62.60550200000016
47.406894000000136
49.514600666666844
48.02775000000042
31.790700000000022
46.91868933333346
68.55889866666686
48.23428600000012
31.91868533333352
43.8190940000001
56.445160666666936
47.83429800000041
41.20227000000013
51.95231200000019
36.217631333334495
32.32693400000002
62.713092666667286
51.200058000000176
48.219842000000114
65.27331000000027
63.211772000000295
58.73964533333358
41.7788380000001
51.85558733333351
44.33989533333346
32.208872000000056
71.10151200000023
52.356198666666934
63.910892000000224
60.90345533333358
59.40463400000028
45.474026000000144
36.77908733333343
37.25622133333337
46.813785333333435
43.78255733333346
42.92058066666678
49.59638466666687
53.462078666666855
54.69426066666685
78.18448000000011
41.42191666666677
57.37101200000055
60.182780000000584
78.30569999999983
47.638868000000166
71.83873800000019
54.18166133333357
45.85047066666705
69.81020066666694
49.372222000000434
38.76371266666675
54.10051866666686
53.373146000000176
54.65655133333352
65.44444466666691
39.813480000000055
48.55441333333345
43.475446000000076
37.19202933333334
66.2291760000005
45.47289800000011
40.340551333333636
43.64735066666671
64.72978400000022
55.801836000000165
55.13644066666686
54.85918733333355
49.85539333333346
63.61024066666698
44.27793533333342
46.210047333333456
64.61323533333358
46.252211333332085
39.39452400000008
61.689060000000204
48.228246000000084
48.83520866666682
47.014781333333445
61.27316000000017
49.234889333333506
29.67847600000007
51.65546400000048
47.3934460000004
52.29431066666687
56.40532000000022
43.36160400000017
52.66776200000021
51.908851333333494
34.060418000000034
48.520476666667086
46.77937133333347
56.764344000000236
61.78396333333352
72.3243540000002
51.553811333333506
42.42078466666678
53.973302000000174
71.4143640000003
40.39548000000009
45.08270400000009
54.75830800000159
36.51434600000025
56.188444666666896
70.58852666666692
47.19682600000016
47.91565000000041
50.33530000000019
64.2352726666669
47.00207466666682
80.30511666666683
42.96259466666676
56.589024000000265
43.125220000000134
39.60704800000013
46.38824400000016
49.885338000001575
47.03282733333349
57.42781133333358
56.631542000000266
52.646588666666844
63.37634000000031
59.66595000000029
52.433991999998746
55.476276666666905
44.24636200000016
47.82652800000016
42.006667999998655
54.70404800000017
45.58104200000013
62.83376733333361
52.521380000001614
44.98996400000013
70.38066466666682
50.94673266666681
56.0057200000002
38.20025000000007
69.97162800000025
46.92468933333343
72.11233466666688
56.39628866666688
48.39738066666684
52.47128800000013
55.1905393333335
69.4763340000002
54.80137133333353
42.12852600000008
45.67088866666677
45.78874600000008
39.414525333333366
49.17403066666683
43.42743333333342
45.2758653333334
33.234440000000205
25.787415999999997
57.773864000000195
52.3318120000002
53.888264666666764
53.690805333333486
48.183627333333476
58.11278466666683
46.218448000000144
46.8139440000004
57.42866000000019
47.99842400000012
39.21294533333341
38.30240133333343
62.602260000000165
71.80297666666686
35.21608133333345
47.602640000000136
44.90739866666678
44.98955733333349
46.306493333333485
42.3764339999985
38.2923380000001
50.778052666666845
41.71623200000015
63.83606800000025
63.33683600000029
53.90085866666688
59.33446200000026
76.16776000000027
46.89037866666683
41.326702666666776
56.32935466666684
45.57728600000016
44.64436933333342
31.88420133333337
55.114618666667184
70.69394200000028
52.47224866666683
41.4158906666668
49.11330666666681
55.61543600000018
55.76150066666693
59.35340200000032
43.269111333333676
61.098266000000244
39.28522533333342
58.91403400000025
37.486058000000064
81.82663733333351
50.38561333333351
50.5577580000002
57.01786533333358
48.22956533333352
51.89297600000016
60.71007066666726
47.8284780000002
70.41460800000019
43.23848000000012
41.33899133333344
45.95936666666683
44.771286000000146
50.85817600000013
59.150185333333546
38.31158200000028
51.139850666666845
41.42474800000012
51.14132800000017
42.01385199999839
52.334970000000226
72.7472766666668
28.952354666666707
61.28645600000026
33.62573400000001
52.515477999998446
45.170456000000094
59.32958599999939
42.57315133333347
48.63191200000018
52.53940666666686
64.73840400000023
54.4469040000005
55.41446999999846
43.43604466666674
41.74720200000032
53.24517000000016
41.875713333333415
62.42881200000062
42.218186000000095
67.07324533333362
38.33433933333361
39.46799466666671
51.86400600000011
49.339362000000115
51.379003333333465
47.131596666666795
42.736166000000075
61.22876133333359
41.22407400000008
52.98803333333352
75.19900200000025
44.15039333333345
49.316152000000145
30.36657133333333
40.22681666666675
41.031490000000026
58.949903333333495
44.26248800000011
52.302534000000186
67.15745400000027
40.908410666666704
52.32297800000205
55.202632000000186
36.03122533333339
46.63997800000016
52.29236800000023
45.801558666666786
51.459073333333485
46.00601800000019
49.51889066666684
35.22862600000023
53.87215400000019
62.48851800000024
39.00093466666677
62.40461800000028
44.28593066666679
40.29751200000011
53.769291333333534
45.772016000000136
58.96382333333355
56.71608200000053
49.22403400000019
35.86732800000024
49.266019333333524
43.459104000000124
63.59036133333356
66.4791213333336
77.64292266666685
41.04768200000007
48.82927400000019
50.73533666666685
47.19065666666682
44.36830200000012
67.85499200000024
37.36759866666674
37.613344666666755
48.21393800000014
58.23391400000026
38.91352533333341
55.500437333333565
37.39189066666676
43.9456306666668
49.688690000000435
43.27962400000035
49.27123400000019
60.65165333333361
64.92656000000032
51.071575333333534
49.10382066666687
51.75971400000022
43.44956133333346
47.80208600000015
44.893214000000135
49.970698000000176
45.95480600000038
57.31950600000022
48.345884000000126
57.01349800000022
41.436328000000096
47.40984600000017
38.77341066666673
50.25618133333343
60.40132000000023
45.35825066666681
46.41835200000015
55.456699333333574
52.471596000000176
53.98344800000016
53.427943333333474
59.8796600000002
50.351474000000174
42.776399333333444
40.60246400000031
41.92245866666674
67.76935000000023
42.77103800000006
39.70844600000006
41.43942933333339
31.23975266666665
51.8828133333338
35.1353393333334
60.58403533333358
37.28344000000001
50.731964000000154
37.50367800000007
52.61825200000048
51.75250333333349
39.10184333333339
56.63378200000054
45.9197380000001
43.96755000000005
63.5497266666669
49.95232733333351
35.32798400000005
56.413088666666845
52.75118066666474
46.379818000000164
41.246296666664634
64.80893400000024
40.22032933333343
49.86505800000044
49.33333000000019
49.35096333333353
58.65113600000021
50.30619600000022
41.219696000000134
44.47135533333347
42.37678866666888
37.27564600000004
62.72051733333361
42.65434066666676
49.23319333333349
55.786494000000225
47.98659600000233
41.457079333333645
42.59295400000013
59.87757066666693
37.27596066666678
37.36335066666674
58.945896000000225
47.174064666666794
38.12696266666694
49.82259800000017
46.30651066666679
55.18221933333354
49.2061533333335
54.83065333333384
53.3619460000002
55.29120533333354
62.07671000000027
40.344433333333455
40.60434666666678
43.07432200000013
47.921353333333506
70.18005600000015
53.8987760000002
46.59230533333348
52.462754000000196
52.95476600000048
56.381126000000265
70.73691600000025
36.71497800000008
63.191334000000275
46.581188666666804
54.59131600000022
40.81224266666676
46.82480400000013
57.01294466666687
58.648490666666895
64.23453666666691
39.38115266666678
45.567464000000115
61.09025333333361
30.23295200000003
48.32327800000018
48.11934666666683
51.722174000000464
49.90864600000018
45.49013933333345
46.8220320000004
49.64512533333343
43.129101333333445
40.09694000000009
71.49651800000025
47.83627200000014
46.83222600000008
56.82857400000021
55.13433533333349
44.48320133333345
51.63344866666683
41.36630400000007
50.14225266666682
46.28876600000007
59.79942866666687
54.818384000000506
50.74515733333352
55.12556800000016
48.42252800000042
62.96443266666691
38.18002000000007
41.94120866666678
35.875972666666705
41.44205200000009
67.96535666666689
46.312879333333505
39.3192906666667
55.69342266666684
38.912198666666725
44.96188066666681
64.74803666666689
34.426050000000025
45.81010533333345
35.653963333333394
66.86741800000019
57.31781800000054
35.750136000000055
56.92823666666687
40.71672800000031
47.525598000000166
46.688390000000126
51.33183933333356
66.27075266666695
69.20773733333358
42.25785133333344
56.0072173333336
52.99751466666689
55.643219333333576
54.38499400000014
40.70292600000031
46.37274799999973
79.61037466666676
58.343216666667225
50.749949333333504
37.44499466666679
71.84415600000027
40.92165800000012
41.50930666666679
60.291200000000195
60.01961400000059
64.41084800000033
53.887149333333554
48.50802400000016
54.438738000002694
46.74110466666678
50.55825000000017
42.11644333333342
48.82932400000017
51.22110000000046
43.82966400000016
62.408043333333524
35.91865266666672
60.80784000000026
58.89059466666693
38.2178380000001
59.66119800000029
64.97242133333359
39.69290600000011
39.36182666666674
45.815502000000386
54.68302466666691
35.85132000000005
43.65367533333343
42.24309400000011
44.92142200000037
38.96968800000029
54.72489000000019
39.723617333333394
47.80136333333349
67.1452580000003
51.94469266666684
33.63359000000004
59.87725200000019
53.69228733333356
56.327486000000235
41.912634666666996
44.74839600000004
44.08220000000009
51.37046600000014
43.96562600000013
45.99505333333345
48.71329800000015
35.84846400000024
32.470639333333345
57.12027400000022
57.32342066666688
48.46429666666676
50.644942000000164
37.80079400000006
38.36961600000028
41.83046000000032
40.878862666666706
64.6037860000003
34.66841133333356
58.283555333333545
63.17570800000028
46.29457666666678
43.042856000000086
48.2249106666668
66.67895600000023
39.48754666666672
46.10843266666677
46.21026600000039
47.18857400000015
40.86219000000004
49.67567400000012
66.87081200000021
62.98374000000025
61.91465866666728
48.205654000000145
40.39540066666679
38.412524666666755
43.71924400000035
51.83965400000015
45.91231666666685
43.32042200000035
44.616971333333474
42.69809733333347
49.718012000000144
46.70603800000014
42.28077933333345
47.825004000000135
45.4814786666668
60.774368666666916
46.686543333333496
64.90417133333358
55.968432000000526
44.02160000000011
51.12628266666689
72.59965466666692
56.12666333333355
60.3334813333336
69.3549800000002
31.302102000000033
53.80003733333355
56.33273400000022
49.9411366666668
58.66884400000022
36.33103133333342
37.502503333333394
41.45107933333341
71.29370800000025
52.75563600000021
49.81836200000044
37.67611933333342
54.68897533333355
50.40463800000296
43.95314400000011
71.99268466666678
47.114996000000126
62.469907999999656
55.90587600000022
58.222278000000244
49.9449473333335
56.29356333333358
42.73734333333367
57.525449333333576
41.031342666666745
44.481974000000086
49.549121333333474
53.685778000000184
40.349646000000305
68.60643200000025
61.1203240000006
46.68114400000014
69.0605240000002
59.90596400000027
42.36570666666679
47.92068533333346
63.44040400000023
61.77609200000024
56.82438533333356
56.83162733333387
53.64842333333352
56.10892933333386
55.82617000000052
44.656182000000086
40.803254666666724
61.189967333333584
59.85123266666691
50.2730880000001
45.76925866666678
71.69642733333356
21.347667333333305
48.915688000000124
48.447550000000426
55.16753600000017
46.07894466666678
34.01943266666688
60.948748000000215
71.69005400000023
40.2137560000003
57.61062600000021
66.36476733333384
51.82798600000018
66.76775066666683
41.69663200000032
51.46567800000015
64.41713866666687
61.772562000000214
44.037242000000354
40.40748333333343
55.44405200000052
43.5174659999971
67.44875000000029
70.15518866666683
59.86822200000022
44.3891880000001
47.90150600000015
45.174832666666816
84.1647340000001
40.609606000000085
53.58419933333352
41.1481060000001
51.35452800000016
53.96035600000018
46.30198400000018
48.22529066666678
49.50690600000016
37.869468666666755
63.526598666666935
64.72826266666698
45.87480266666679
43.35885000000012
51.04923533333351
50.76716600000017
65.69566000000025
38.7030680000001
65.81775400000029
57.023035333333524
56.62657733333356
51.732245333333516
46.99525333333349
53.69069600000022
36.99335400000008
60.34678800000028
63.50192933333359
73.45246466666686
41.34556800000009
38.71517133333341
50.52240399999713
53.73095400000026
50.43272066666685
57.86927200000022
66.65243199999718
55.68540866666688
52.947666666666855
57.50871266666688
52.16832200000047
48.751060000000166
50.64924933333346
88.68703000000001
53.4422546666637
45.886616000000174
41.11618000000031
47.41985600000013
48.31157066666677
43.27182800000035
49.56414000000018
52.957446666666854
42.752861333333406
55.6509860000002
44.90658600000007
57.138275333333524
53.04323866666641
62.1422473333336
55.20354066666688
62.66113266666692
60.86979866666689
71.28263600000025
61.32724600000023
43.3784753333334
52.694826000000134
42.4932833333334
61.19828333333356
42.42985933333343
58.876763333333564
46.449632666666794
43.86659600000009
43.442920000000065
41.35098733333346
48.21008466666683
49.968147333333484
42.64168466666678
58.5543560000002
39.61359666666671
49.98229666666682
65.83201666666687
49.24493800000014
42.26231600000012
46.53728200000039
53.9667780000005
32.28294133333336
60.77475066666689
54.34457466666685
52.1694473333335
51.47976133333352
58.324878666666955
46.21818200000012
34.2370473333334
44.87228200000013
54.80268533333355
35.99770400000006
49.180563333333765
86.20051400000014
39.33640400000029
46.353126000000394
59.710980000000255
39.81568266666674
61.801934000000244
51.141279333333515
40.607241333333405
35.35274466666672
72.30241866666694
54.20091066666685
58.21760466666694
41.233012000000315
56.180418666666874
53.18056200000021
49.22025800000015
38.805820666666754
42.94234400000011
44.9902846666668
43.727376666666785
40.04678800000012
40.49069466666677
34.726922666666695
61.972501333333575
45.98058400000013
69.66505400000031
38.19188666666674
61.8948340000002
74.2388153333335
57.26519200000029
52.76574000000022
50.42554800000016
57.32767600000019
40.1351480000003
37.9744740000001
47.78199066666686
47.20430800000016
51.83130200000047
47.88813000000011
36.34732666666675
47.20529000000013
49.86441533333353
39.61728777777774
49.27642799999715
36.669719555558885
32.89416933332969
29.87499999999975
47.566666666667224
41.87644977778143
58.33491599999945
54.85133200000024
38.16336133333361
45.42089200000038
42.598312000000334
61.98974200000026
57.460254000000546
62.49976600000062
51.96722200000047
56.59046600000053
49.99578800000036
65.60582333333363
46.6461480000004
49.70339799999965
47.82352800000041
26.672774000000118
40.28537600000031
42.412390000000336
47.78956600000041
42.49109066666676
30.316084000000163
53.987556000000495
58.415660000000244
67.62862733333363
38.71616066666695
37.236786000000016
49.994094000000445
59.80424000000058
49.62299600000045
35.506388000000236
44.01292000000036
46.33711600000026
60.94803200000027
54.24629533333288
59.29297999999942
64.92846400000025
75.00663533333366
47.34148199999969
60.28510000000059
53.331956000000496
52.44241333333356
50.35258400000045
41.48993600000033
43.61491800000035
48.95051200000016
42.72095066666701
68.70939399999949
36.993256000000265
51.665263333333534
40.131767333333634
40.69102400000031
56.59327200000026
53.91906666666716
37.91458200000028
40.5352600000001
53.63276866666717
48.40471200000042
59.69638200000034
34.34447000000022
53.642536000000206
76.13487866666686
51.844714000000465
47.69267000000041
55.918006000000524
53.39182000000049
50.09373200000044
57.21330600000055
45.00239400000038
54.19033800000051
42.80071999999986
41.59888200000033
51.70926800000047
58.25862000000032
40.277609333333444
43.74308800000035
27.504820000000127
52.80887000000048
52.80466800000048
68.1879480000004
53.47451000000028
34.23773000000022
36.60758200000025
56.90932200000054
51.9994346666669
44.75141200000037
29.896202000000166
60.312212000000265
55.15626000000052
51.38505600000046
56.18900200000053
63.28096400000029
47.41463800000041
59.48057399999965
36.90134600000026
47.674317333333505
49.75439933333348
52.36264333333348
53.343766666667165
47.29801533333345
55.34552600000052
49.58096800000017
59.77419933333391
40.29006200000031
47.300583999999695
55.0787866666669
42.71992200000035
63.82675800000032
35.779291333333575
40.398738000000314
65.19116200000059
52.894818000000484
46.6006300000004
54.83913266666693
43.84118200000036
36.98599199999997
58.91967333333353
30.246418000000162
32.797784000000206
45.71356200000039
51.49765800000047
53.71179200000051
47.1987900000004
52.31094600000048
55.999493999999515
40.30191400000031
70.20857400000028
67.38238066666686
39.76469133333363
51.8060086666669
42.692836000000334
45.18477000000037
53.20863400000049
53.584084000000495
50.35400800000045
51.79808800000025
74.13940600000006
38.39126600000007
40.04699000000031
27.32090800000004
60.23303800000059
48.390342000000416
42.80620200000035
41.590976000000325
43.229759999999885
60.8029900000006
50.305174000000456
53.87961066666686
53.72596599999959
32.835598000000104
51.34962200000046
52.305992000000366
38.39875800000011
53.58504600000019
52.00160866666714
39.177354000000285
56.189028000000214
43.32164866666648
59.396402000000585
60.8063540000006
46.21481600000039
55.60514599999951
36.290938000000246
46.292061999999746
49.95194200000045
35.80035800000024
51.2699020000002
59.34938200000058
49.378928000000236
57.83364733333359
38.38784000000028
66.41271800000051
59.68849600000028
44.16771400000014
60.23806466666726
50.396475999999616
61.902002000000614
58.31062400000056
40.78211000000016
54.03573333333383
65.12242200000058
41.50469800000032
46.6496560000004
43.83501400000036
69.07629066666686
48.443151999999664
45.119530000000374
37.74559999999633
46.766176000004336
43.48123600000035
42.32530600000033
63.38972400000031
51.73171600000047
53.942150000000495
52.39646800000048
50.80101200000046
47.603680000000416
36.39599400000004
33.858522000000214
59.324868000000585
42.49610800000034
47.89936800000041
41.60949599999992
45.06406800000012
34.24999800000022
48.80190400000043
32.816826000000205
45.19581800000038
48.30501599999973
42.69134000000034
46.617202000000404
41.30495200000033
54.1052440000005
49.37918200000018
58.14584400000056
53.47724866666684
38.94564000000028
41.09933200000032
49.79381000000045
35.09564600000004
37.194622000000265
44.73573800000037
50.389320000000446
53.094188000000486
47.41212200000016
40.65194200000031
67.90313000000043
36.890330000000255
56.322276000000535
65.34910400000057
66.94379800000047
57.36677200000055
37.90415200000028
51.999256000000486
40.296410000000314
53.891582000000504
47.407598000000405
46.07630800000039
52.364776000000475
56.23251799999948
58.33394400000056
38.97619400000012
65.08858200000037
44.91356400000015
46.43063866666683
49.82426000000044
59.43679800000058
61.82979600000061
56.27995799999952
41.62863200000032
42.282848000000335
44.584004000000164
44.7142140000001
48.824858000000425
72.20786600000018
53.6259840000005
53.27637000000049
76.20055199999994
36.79419400000025
45.47589800000012
43.16373200000012
53.74946200000049
42.30898400000034
51.49159400000046
48.72727000000042
54.878960000000205
48.3653053333337
51.00370666666712
37.63959800000027
41.733388000000325
42.80514200000035
47.71076200000041
47.550086000000405
45.744702000000174
42.98658000000011
65.39699733333367
55.7246226666672
48.81015599999965
51.50008599999964
53.56078200000049
45.8472740000003
66.73918200000048
31.103830000000176
61.109044000000274
64.35623866666728
34.483076000000224
47.28117600000041
73.22284400000025
57.32879200000055
41.33571466666679
43.64879200000036
58.90132600000057
42.525646000000336
71.43978666666692
62.14681000000061
36.61597800000026
33.5353126666667
46.64421600000039
54.99375600000019
44.836990666667035
50.170106000000445
47.82266000000042
57.70102600000055
55.30135799999951
43.12580200000034
61.98046000000061
59.10082000000058
47.064038000000195
53.113920666667156
60.62980000000059
48.29437200000043
62.278558000000615
46.4205540000004
52.4731226666669
34.851958000000224
42.39220200000033
62.11037600000061
50.12491000000045
44.23035600000036
48.27591200000042
74.64154200000003
43.805886000000356
56.39592400000054
60.202268000000586
34.68733600000023
47.73144200000041
35.86035400000005
56.839041333333874
40.24532333333364
62.56812066666729
49.2542360000002
36.295678666666916
42.333212000000344
47.193282000000195
69.84598600000027
44.91347266666677
35.63315400000024
45.303606000000386
46.30207600000039
62.21990399999587
53.70284000000049
39.799096000000304
42.37049666666678
43.581380000000145
44.71579466666704
53.8316080000005
52.38123200000047
47.0207660000004
39.9583400000003
49.9502120000002
44.663283333333695
52.40969400000048
41.39325400000032
53.32147000000049
49.74192000000044
48.9442420000002
48.61857666666709
46.45629600000039
50.02389799999967
45.30943400000038
63.24594200000063
37.428938000000265
39.859040000000086
59.17204733333363
57.64474200000055
38.10923599999997
46.39782599999975
54.79592200000051
63.80438600000064
53.884130000000496
39.463660000000296
39.887322000000296
61.24577800000061
43.46988200000035
45.72400800000039
63.44530600000032
58.147302000000565
45.16503400000018
54.44745400000477
60.29277000000512
62.896676000000625
61.69370600000061
38.604118000000284
50.36138000000017
46.59110200000496
43.27973800000035
54.543416000000505
48.76424000000043
49.62083200000018
50.352094000000456
50.529586666666845
51.39652200000013
53.76793733333348
54.73383800000027
34.90149533333338
44.14514400000036
43.800880000000355
33.80465200000022
53.20767400000049
47.80123400000041
44.82177600000037
50.19616200000045
40.876474000000314
44.29743400000036
49.521803333333494
51.370821333333794
46.722658000000145
51.78793266666682
55.60441800000024
43.003858000004975
41.004220000000316
55.53394800000052
59.264272000000574
65.70332800000054
43.20289399999986
43.98222400000036
43.49361000000035
29.399058000000057
49.66561000000014
43.848129999999834
47.69585400000041
57.31055600000024
57.201796666667214
44.89560600000037
71.00219000000024
55.712204000000526
50.81206400000046
52.50764600000049
53.6093560000005
42.69155000000034
29.933160000000157
47.6159020000004
52.914990000000486
40.77005600000031
58.59560200000023
43.85246533333317
35.39208600000024
48.09815800000042
46.7777240000004
43.831152000000365
45.42726800000011
50.09497800000515
56.176396666666854
39.84085200000008
37.63373533333343
58.252174000000565
51.35861400000025
39.7200353333287
54.502166000000514
36.497620000000246
38.660004000000036
47.23028400000041
56.93104400000024
76.24161399999996
55.36425866666686
35.63337333333342
46.42863533333374
53.3028800000005
81.00678199999967
52.60236600000048
58.87452600000028
68.34977933333373
71.05211866666687
49.24829866666686
49.688566000000435
40.42732400000032
62.210288000000624
43.19748000000035
48.40628800000042
72.66064066666686
60.23623400000059
59.80202999999936
46.102496000000386
65.40127400000056
54.98755266666692
52.73860600000048
61.2177460000006
34.156632000000215
63.36976200000027
50.247408000000455
47.31301400000041
32.33312000000002
50.9594973333338
41.64679400000033
48.29403200000021
71.35204333333297
56.88611800000021
42.851661333333674
38.69822400000029
49.60391199999969
35.58235800000004
43.72343866666702
39.37848600000006
48.83881866666685
51.35593133333379
55.39188400000016
32.75885933333354
47.21118200000041
44.88721000000012
45.60849866666679
42.042726000000336
55.46126799999944
67.69440000000044
57.294836000000544
33.79693800000021
55.0621113333336
35.343816000000096
63.69734400000063
57.88124600000023
42.210482666667
38.72058000000028
32.27743266666672
43.30191333333368
46.98690266666706
47.3060620000004
49.59667600000023
38.713501333338336
36.944196000000254
44.94274000000013
46.55226133333373
50.67798333333353
69.05068333333361
39.65635933333332
43.579676000000354
45.87355400000038
51.44770000000046
53.736886000000496
51.504926000000474
50.397928000000455
39.789210000000296
60.90099800000029
38.85251000000029
42.197226000000335
37.903300000000115
48.091741999999975
48.31256800000042
40.67413600000031
61.70327800000061
36.27578266666673
49.20853400000022
47.1532960000004
62.495318000000616
61.496358000000605
40.22991266666677
68.65331200000024
43.0514519999998
44.68703200000037
45.80354400000039
60.297616000000595
51.20926600000046
43.94082400000017
50.34763133333379
49.35533800000044
58.12315000000056
43.30642800000035
59.981294000000275
38.66536533333362
55.30781600000028
32.644344000000196
46.50977400000039
46.7435860000004
54.73111800000021
46.887359333333734
59.86815800000028
50.14502999999967
45.44033399999505
59.769892000000254
37.523344666666944
47.702674000000414
46.89498600000041
44.00725200000036
36.40213600000009
45.49618000000038
36.810190000000254
43.20349000000035
50.82120333333379
47.86822666666708
50.629468666666845
40.94650000000031
44.35488600000037
40.420668000000305
44.46426000000037
51.04157066666685
31.11515200000018
72.95781800000022
76.14388133333358
44.748918000000366
47.40583066666681
42.24317800000009
57.817888000000245
57.347200000000186
42.421518666667005
56.63904733333387
41.66178466666699
63.30797133333397
31.77170866666685
47.62032400000041
54.82357000000051
53.85552800000023
53.01675866666715
36.820974000000255
46.47105200000039
46.50649000000039
46.28835200000039
49.637714000000436
55.87107800000052
39.710032000000304
53.709978000000504
45.79465199999978
45.89298599999979
36.45289400000025
52.847660000000495
34.40870000000023
52.296560000000476
41.695448000000326
48.80741400000043
57.21818000000023
39.06560199999998
43.90001000000036
48.50042800000043
42.81009600000034
63.29550800000064
63.22661600000063
67.38315400000045
45.429418000000375
57.641586000000245
59.46935266666695
52.75645733333382
46.502220000000406
50.896663999999625
40.30830600000013
39.136978666666955
38.41103400000028
44.18418400000036
50.96399400000015
53.98185533333383
36.784552666666926
43.16837266666683
59.55567133333392
54.21702066666689
43.36106800000012
35.2365466666669
50.47131000000045
57.220300000000556
47.2034780000004
52.898332000000195
39.03392266666674
32.26330666666686
40.60366800000032
36.41023200000025
61.821634000000294
66.97716600000024
42.7527200000056
52.113234000000475
67.32964000000045
45.709456000000394
40.80105600000032
50.78283000000045
34.12356400000022
53.8160660000005
45.00916800000037
71.31053800000022
45.387026000000155
40.31525866666697
64.90095600000059
48.600584000000424
51.71454999999964
51.79478600000047
39.45384133333343
58.05146200000056
44.38482600000037
46.779325999999784
40.78565200000031
51.45790666666687
57.7448753333336
52.73995000000048
44.70067400000037
66.77278666666695
56.00274000000053
49.00650600000016
54.85322933333384
38.492795999999956
58.86818466666695
38.34120000000028
47.41581000000041
61.795740000000606
64.56274200000027
61.0077113333336
37.94046600000027
48.704918000000426
48.821292000000426
50.77878600000039
56.229736000000536
45.820058000000124
58.661420000000255
41.33775466666673
65.7582940000003
43.42621200000035
41.82162200000033
58.09474800000056
52.78087600000048
51.46496200000047
68.51930400000025
65.37174066666724
45.356376000000104
31.257039333333513
52.14037333333381
69.77907866666617
47.914006666666864
42.469918666667
58.03186400000055
47.808184000000416
35.37890600000004
56.74252200000025
29.76099933333349
59.108002000000575
51.019314000000456
51.17461400000018
59.230594666667244
50.80112600000046
52.65221533333353
54.333543333333836
52.824936000000285
52.65590199999956
42.79325600000034
48.34718600000042
38.28238000000028
44.172882000000115
47.3289286666668
45.45157533333371
47.76499400000012
40.54708333333341
50.338840666667124
42.98039400000034
54.82693800000051
57.19563066666691
40.85155200000031
46.36194600000039
54.23139600000051
40.787734000000206
41.322680000000105
50.254730666661345
48.35767800000042
60.700596000000594
53.692066000000246
48.27860800000564
41.84801111111132
37.56138622222221
