46.88333333333377
57.16438955555555
57.32391066666729
37.38747511111086
36.36944444444427
67.77726622222393
39.18106711111102
83.57777777778219
54.37429844444487
74.66667000000204
33.38958711111078
39.77777777777769
70.27500000000197
26.177777777777557
26.961374222222116
31.590847999999614
63.46282933333411
21.987170666666547
34.98055555555521
36.55349644444461
53.19706981818257
36.862930181818186
112.87454545455266
85.69166666667162
17.48333333333329
60.56888888888983
38.47499999999995
45.47873088888908
59.07837466666742
73.0825488888915
21.661709191919183
48.200000000000514
53.66767977777822
31.68191123232308
84.97485343434704
31.788888888888682
27.674819777777603
33.46962466666629
41.886111111111326
51.87608600000044
96.47777777778127
49.880000000000635
19.266666666666588
23.783333333333168
87.9723815555585
126.88317400000474
29.666666666666455
91.88774266667136
41.178923999999874
66.46680577777812
41.587398000000015
69.68607400000027
47.961458181818685
79.89409975000564
35.5980377142857
51.0710099047627
35.39166666666654
60.67500000000026
44.36814000000035
55.416488181818416
98.27321333333403
56.299999999999834
32.27970600000005
37.790413999999835
33.1637677777779
36.52594266666673
109.79346866666636
18.27626539393933
52.18123400000075
51.683026000000375
91.42555800000267
50.0883308888893
34.483630888888705
45.577480222222164
57.936327777777414
35.288392000000066
50.297495454545505
90.67148654545467
41.086007999999836
32.29518199999994
47.99244799999834
32.69306828571415
50.2600379999897
110.99748200000188
56.731146000001104
89.10000000000548
71.17539682539908
41.58571428571455
33.679073250000464
31.482470000000145
62.06752999999985
106.09975475001185
77.46541123232427
100.32686787878806
41.83861266666694
106.3000000000014
22.77222222222217
49.866666666666696
63.2866666666669
53.99111111111064
27.598873499978854
55.26885199999984
84.86575800000004
28.282889999999927
90.38393527272832
19.001867999999977
70.69999999999945
53.36444444444536
52.59636363636354
72.88288400000263
82.67720688889264
76.47626022222305
98.28666666666979
32.2773492499903
38.75795800000036
95.69953521212092
40.99378296969727
37.67985800000003
68.7777777777796
105.47279111111672
37.87521444444441
35.97618866666629
66.36651006060666
92.3801566060638
58.2877266666669
86.27242484848531
40.49111111111117
88.66993400000531
38.67951044444427
85.97314800000207
84.58796311111486
44.37345777777803
36.07931999999961
54.06221177777857
77.77389933333545
32.78803844444418
82.84051177778109
38.792310444444894
38.173401333333445
47.56206599999996
21.79974275000559
54.377777777778164
18.765322285714443
94.97039200000046
56.399801999998566
60.56421074998926
42.485351999999885
54.17598577777872
44.579569777777984
82.17777777778026
74.46035000000069
50.849620666667015
38.342989999999844
52.092118250003715
60.58458000000005
57.39133304761921
55.254566285715256
34.000000000000234
43.95969696969688
41.38306800000073
37.09213975001062
54.999999999999794
37.26994733333335
66.35505266666736
33.680555555555394
93.6777777777811
50.78055555555622
22.17777777777765
38.758823777777906
43.0882204444445
54.983080000001195
72.12063200000065
72.38756888889132
56.68034044444512
88.28485555555787
83.97777070707076
21.16515151515145
47.49166666666687
46.058333333333614
71.78032000000069
94.26509000000111
63.280298952381
30.50605111111119
42.096065272727266
41.59563472727261
101.80250177778083
23.093386444444153
49.88333333333429
60.86666666666756
82.18888888888992
37.08203933333339
40.98129399999993
88.18181818181816
87.77799224997852
98.38390600000366
39.69109399999975
102.79190966666204
85.39929844444465
45.558939555555234
27.571990749995443
44.191780000000335
42.88299628571402
40.094444444444306
53.483333333334215
23.269444444444293
45.769444444444815
36.98294044444464
59.28094844444488
38.767028000000174
45.29408311111099
60.27500000000063
40.9805555555555
96.75687692063595
19.77121212121215
97.49999999999994
123.79980350001
47.85844155844162
54.504246
58.55330399999954
54.90111199999965
8.652799999999985
46.965650000000124
107.88305800000171
38.26905266666637
31.488888888888678
20.877777777777737
41.27444444444443
37.77520111111147
33.98725199999948
36.67777777777777
90.47777777777954
40.37133577777791
113.07349066667184
39.27726755555575
22.888910929292514
62.16666666666761
41.78888888888909
129.77772088890066
47.98383600000014
132.3597129523818
67.26136581818136
65.49444444444505
41.16150581818172
39.48370800000022
52.943879777777745
36.78702400000017
54.08850866666629
56.46606133333242
80.00000000000182
71.30737177777992
42.63591466666708
50.495601111111895
20.402322916666794
18.79999999999996
20.26905066666685
108.77068860317443
20.58038133333361
72.09444444444495
50.08333333333347
77.67056104761865
37.67523257142869
36.798254000000064
117.86908977778276
20.958687999999626
36.17777777777773
19.477777777777685
37.86944444444432
46.57499999999999
110.37364911111997
66.17006400000068
58.243848476189875
45.70000000000003
49.567218666666975
39.092559333332936
40.25532399999958
95.02181977777875
106.80000000000025
38.259164222222054
79.98375222222315
89.16433355555516
106.89670200000181
43.26140199999984
19.45576399999975
45.6749277777781
57.47578577777775
19.286660181817886
60.676025916672046
102.58670457142894
35.59346599999965
70.38038799999961
20.077777777777776
93.1777777777787
40.387125749997345
39.67394444444435
81.77601314285631
62.69999999999992
159.79980949999492
18.269645777778084
87.99384628571484
41.484279944404015
42.89492355555536
41.893498383838576
58.39180199999974
78.1769400000001
18.87777777777782
85.46131473015959
40.899999999999885
24.072268000000307
51.47939228571454
65.00923600000058
32.49981799999944
69.48000000000094
52.7764757777787
87.66920377778311
40.38487599999972
80.6685191111152
38.68148088888854
68.45862733333412
88.12247199999989
41.789435454545455
88.86212121212394
40.19454545454548
72.3836827272734
23.47858999999946
18.361111111111107
45.59166666666683
18.9722222222222
39.74722222222284
76.89722222222306
47.18055555555564
72.58018018181905
78.1349713333326
44.96245824999578
54.187285999999794
70.58892965909564
74.47570709090948
44.08186866666645
114.1611923030313
87.46728036363619
45.985249999999496
24.26597333333371
103.96423600000081
86.8701175555562
121.6847960000056
56.79149600000072
52.769177777778964
74.78224800000005
93.58706628571397
73.07917866666679
151.27063400000353
38.54830999999997
38.463421999999326
55.42666666666744
19.59999999999995
93.2562877777788
19.786878444444415
18.481031999999704
42.596069636363694
21.08021799999962
42.8326804999914
40.285465999999715
45.35890963636403
72.56817365656775
35.591666666666704
62.07448375000189
93.88095238095804
105.80000000000254
61.890475750003006
115.84403618181962
41.49703999999952
53.39976225000128
19.281818181818196
44.86246599999984
39.38437399999951
46.69822774995169
21.96097977777798
105.35162000000572
20.74771541666342
44.91728466665789
68.00000000000065
39.67074111111085
27.47608066666668
20.387562787878338
33.36781498989917
19.589861777777347
42.18333333333351
40.573181818182086
41.06277056277038
90.48184800000116
41.39592977777746
40.27998999999954
111.35990600000156
97.1650939999994
36.58000000000009
45.291953954546926
35.77028098989896
59.085306666667094
39.38611111111104
64.16985977777767
87.29207822222463
33.977777777777845
67.87660177777911
41.56614199999986
96.2919434545492
77.58727272727536
38.36719327272779
80.87663600000208
39.661111111111104
79.48055555555848
78.58888888889068
19.07777777777778
26.57999999999988
41.46944444444441
63.686111111112105
42.37777777777794
70.97777777777978
34.177777777777756
99.78000000000553
42.16591600000047
112.07999844445054
53.089641111111376
44.77777777777807
40.97282777777847
51.882727777777916
49.37777777777841
41.272385972241736
53.69166666666741
28.47499999999967
74.0861111111141
39.58055555555539
77.17777777778115
69.36766822222494
21.479997555555457
111.97755755556332
68.68303622222352
65.36885377777975
66.47281288889003
68.8916666666686
69.9617140000029
35.878016222222094
78.38249200000307
22.086111111111006
43.06539377777823
33.59016177777696
51.269444444444986
74.77960977777998
88.17603200000487
39.074610000000405
63.067056666667426
136.8888888888989
41.36505177777829
44.29050377777755
42.15858777777846
54.89696777777828
132.66666666667834
57.872611111112306
69.66788422222398
91.29328466667233
40.16660022222159
63.29444444444565
52.77526133333445
90.36302533333892
31.072110222221866
38.398709999999674
115.07777777778678
124.16439393940507
49.483333333333896
42.63950377777837
84.48851866667081
67.67280888889036
85.07777777778298
41.280555555555736
56.183333333334
86.66944444444951
74.87711688889246
84.67314844444904
36.29140133333266
48.16883022222301
32.57283644444357
60.5744093333346
83.28670177778136
39.47386866666592
40.371331111111374
40.689779999999644
42.075000000000145
39.768240888889515
71.67637933333609
26.08871311111037
42.15807000000054
118.88081888889916
70.18611111111298
38.972077555556005
20.280385555555497
28.683647999999224
21.666666666666565
64.26888888888972
50.69444444444515
39.863834666667415
40.78594111111122
22.106448583332927
58.19166666666761
88.98611111111556
44.07222222222237
54.28055555555632
28.563888888888577
42.88888888888895
7.877777777777791
75.17222222222529
41.683333333333444
76.17500000000344
95.57777777778439
21.177777777777678
120.465182000011
43.480836222222294
60.47205511111195
25.47907822222205
68.77097200000158
44.37143600000091
72.48411955555741
42.96388888888902
105.89010400000718
32.0666666666663
34.08359088888913
44.566409111110794
42.27783444444502
86.97536422222734
70.38042622222429
41.28581955555502
42.762175777778516
56.978725333333784
141.08965444445357
142.2750000000099
26.06999622222255
98.77623755556259
49.57043288888868
69.88888888889085
19.96666666666661
59.96944444444562
91.17166666667008
69.89835200000257
23.076647999999274
43.48055555555602
43.76944444444471
33.174999999999706
63.082317111112964
41.77063800000019
132.68593377778868
42.880521333334165
20.65558977777716
65.09208866666849
40.676875333333435
135.78659155556454
71.46232288889232
42.590454888888594
42.372222222222454
33.980555555555306
30.677777777777486
36.77638177777823
44.27917377777742
40.26111111111116
46.59109222222193
29.980555555555217
66.4583604444464
66.38052844444516
63.680555555556694
82.38611111111423
42.86642400000052
41.18913155555483
43.06944444444438
39.67522555555604
40.08866333333271
46.65716488888983
100.78727955556246
97.16294644445144
65.4926335555567
28.66548511111024
53.08888888888933
38.96627266666716
93.18094955555976
84.87777777778072
28.68769799999913
95.07500000000651
44.57500000000032
110.58055555556392
22.067716444444912
25.986153999999807
82.16279622222577
44.18333333333355
43.27222222222245
46.372222222222604
47.591666666667116
41.77777777777785
42.77222222222233
