30.99444444444419
28.16944444444426
67.9694444444469
63.58148488889028
59.68498177777908
49.67057377777843
34.38333333333311
41.862770666667
40.487229333333396
39.75687844444459
50.38287822222274
35.68695999999991
53.873191111112504
53.27308622222288
38.57700600000002
48.361111111111555
41.283623333333566
45.2858211111115
43.57500000000033
40.27310444444455
34.77663377777769
44.28081733333358
36.075005777777676
50.18610533333375
50.17502444444496
64.17585133333472
74.17412422222519
48.36026511111172
46.59166666666714
44.879855333333715
56.78227800000096
41.97500000000016
52.565566666667436
49.38325355555608
52.67581466666739
50.87473155555627
42.274951555555894
54.5806040000008
89.67930844445007
38.97346933333322
76.37726577778126
57.26995644444532
60.58024622222324
85.37282200000502
76.68231977778129
39.877777777777844
67.76666666666833
59.88611111111232
72.17500000000268
55.06666666666741
80.77903866667047
95.38431200000637
40.67500000000009
89.76388888889441
82.39166666667101
57.96944444444549
57.280382888889825
49.766839333333934
61.182939777778785
43.37539355555569
61.18055555555671
80.07777777778158
57.469444444445564
38.45555555555554
76.70000000000312
97.97222222222916
49.86929355555615
84.56398044444927
92.79450377778386
45.877777777778135
105.86666666667489
91.47887444445011
87.36846177778295
96.68987155556226
74.37292822222538
62.76799311111219
62.48333333333452
80.67577555555974
111.8547800000094
100.29444444445178
82.05874644444873
111.49125444445353
91.76973933333923
95.78303844445104
96.07222222222919
116.18611111112105
99.1777777777852
61.37777777777895
80.67777777778163
142.97777777778737
96.87500000000658
109.27162000000892
122.16613244445483
121.86780311112153
67.40000000000157
155.18673600000767
49.47222222222274
105.76111111111916
56.3888362222233
123.36116377778838
79.9888888888928
83.7777777777822
105.27649422223047
111.87254200000869
80.88260222222627
59.18117000000092
62.76502088889011
56.384979111111846
96.1776684444513
87.06955377778289
133.5646133333441
105.68634022223053
103.78159022222985
88.58611111111642
99.17500000000676
131.47777777778884
84.25555555556022
74.48888888889189
77.18055555555901
60.55577022222346
126.69476155556714
150.7821222222306
91.96944444445003
67.67771222222437
96.36925733334004
104.77026488889685
94.98832111111723
88.56011377778287
146.6828331111201
163.99166666667384
149.96944444445242
48.47500000000061
132.1742164444551
107.37953177778621
126.17456000001093
114.17544000000883
107.4672477777861
133.59614622223344
71.173977555558
67.67929511111282
162.7618848888952
101.07233488889605
90.8864980000057
105.88861377778596
131.67500000001118
94.46452844445082
139.19087200000968
89.46583200000566
125.46337000001137
88.78055555556057
129.9651126666781
122.40000000001073
81.67500000000419
122.97529311112226
111.97470688889788
140.48055555556493
114.77500000000953
165.37500000000722
108.67443044445324
232.57279177777414
161.47222222222973
83.88688200000445
188.9472222222242
82.20000000000407
133.26710288890004
176.38845266667082
183.96010422222545
152.48553044445254
103.27500000000774
123.1861111111224
126.17500000001125
156.98055555556274
142.36280422223223
65.98997355555689
104.26658911111885
68.3725728888911
213.89139355555378
218.06064644444183
147.87201955556415
187.38888888889284
259.27222222221513
165.26388888889488
189.68426488889233
274.07684622221404
188.37777777778163
232.1821793333291
205.57337622222346
246.7666666666618
218.583333333332
164.38611111111794
213.7666666666664
206.17222222222208
229.38290644444166
252.775926666659
233.4711693333315
243.18939222221653
205.38055555555692
159.7555555555624
249.19056333332816
225.97610333333074
273.5694444444382
217.0805555555537
340.3833333333331
326.6598206666645
142.67269622223108
253.28692755554883
439.886111111119
171.26039044445074
670.1745502222267
435.1761897777739
480.0638695555572
460.80000000000547
436.06388888889427
637.6861111111232
490.8559657777847
842.4662564444645
492.38611111111067
725.8916666666821
212.44444444444466
492.90000000000504
520.1750000000113
336.16944444444357
510.575000000006
656.6861111111276
445.6777777777877
227.97222222221998
413.06805977778566
504.2691095555684
714.5833333333541
731.3774748888987
874.9836362222424
1634.074999999606
1800
